<?xml version="1.0" encoding="UTF-8"?>
<testsuite name="com.zz.lib.container.MultikeyMapTest" tests="2" skipped="0" failures="0" errors="0" timestamp="2023-05-22T09:40:20" hostname="zhaozhi-mac.local" time="0.004">
  <properties/>
  <testcase name="get" classname="com.zz.lib.container.MultikeyMapTest" time="0.004"/>
  <testcase name="put" classname="com.zz.lib.container.MultikeyMapTest" time="0.0"/>
  <system-out><![CDATA[]]></system-out>
  <system-err><![CDATA[]]></system-err>
</testsuite>
