<?xml version="1.0" encoding="UTF-8"?>
<testsuite name="com.zz.lib.common.container.tuple.TupleTest" tests="1" skipped="0" failures="0" errors="0" timestamp="2023-05-22T10:09:36" hostname="zhaozhi-mac.local" time="0.0">
  <properties/>
  <testcase name="of" classname="com.zz.lib.common.container.tuple.TupleTest" time="0.0"/>
  <system-out><![CDATA[]]></system-out>
  <system-err><![CDATA[]]></system-err>
</testsuite>
