<?xml version="1.0" encoding="UTF-8"?>
<testsuite name="com.zz.lib.common.json.impl.JavaThing2JsonStrTest" tests="5" skipped="0" failures="0" errors="0" timestamp="2023-05-22T09:40:19" hostname="zhaozhi-mac.local" time="0.002">
  <properties/>
  <testcase name="toJson" classname="com.zz.lib.common.json.impl.JavaThing2JsonStrTest" time="0.0"/>
  <testcase name="testEscape" classname="com.zz.lib.common.json.impl.JavaThing2JsonStrTest" time="0.0"/>
  <testcase name="constructNumber" classname="com.zz.lib.common.json.impl.JavaThing2JsonStrTest" time="0.001"/>
  <testcase name="constructString" classname="com.zz.lib.common.json.impl.JavaThing2JsonStrTest" time="0.0"/>
  <testcase name="constructArray" classname="com.zz.lib.common.json.impl.JavaThing2JsonStrTest" time="0.0"/>
  <system-out><![CDATA[]]></system-out>
  <system-err><![CDATA[]]></system-err>
</testsuite>
