<?xml version="1.0" encoding="UTF-8"?>
<testsuite name="com.zz.lib.common.json.impl.JsonStr2JavaContainerTest" tests="6" skipped="0" failures="0" errors="0" timestamp="2023-05-22T10:09:35" hostname="zhaozhi-mac.local" time="0.004">
  <properties/>
  <testcase name="nextObject" classname="com.zz.lib.common.json.impl.JsonStr2JavaContainerTest" time="0.001"/>
  <testcase name="nextString" classname="com.zz.lib.common.json.impl.JsonStr2JavaContainerTest" time="0.0"/>
  <testcase name="parseError" classname="com.zz.lib.common.json.impl.JsonStr2JavaContainerTest" time="0.0"/>
  <testcase name="parse" classname="com.zz.lib.common.json.impl.JsonStr2JavaContainerTest" time="0.002"/>
  <testcase name="nextArray" classname="com.zz.lib.common.json.impl.JsonStr2JavaContainerTest" time="0.0"/>
  <testcase name="nextValue" classname="com.zz.lib.common.json.impl.JsonStr2JavaContainerTest" time="0.001"/>
  <system-out><![CDATA[]]></system-out>
  <system-err><![CDATA[]]></system-err>
</testsuite>
