<?xml version="1.0" encoding="UTF-8"?>
<testsuite name="com.zz.lib.common.StringUtilTest" tests="4" skipped="0" failures="0" errors="0" timestamp="2023-05-19T09:11:44" hostname="zhaozhi-mac.local" time="0.002">
  <properties/>
  <testcase name="isBlankStr" classname="com.zz.lib.common.StringUtilTest" time="0.001"/>
  <testcase name="format" classname="com.zz.lib.common.StringUtilTest" time="0.0"/>
  <testcase name="testToString" classname="com.zz.lib.common.StringUtilTest" time="0.0"/>
  <testcase name="caseSwitch" classname="com.zz.lib.common.StringUtilTest" time="0.001"/>
  <system-out><![CDATA[]]></system-out>
  <system-err><![CDATA[]]></system-err>
</testsuite>
