<?xml version="1.0" encoding="UTF-8"?>
<testsuite name="com.zz.lib.common.DataThingUtilTest" tests="6" skipped="0" failures="0" errors="0" timestamp="2023-05-19T09:11:44" hostname="zhaozhi-mac.local" time="0.001">
  <properties/>
  <testcase name="deepEquals" classname="com.zz.lib.common.DataThingUtilTest" time="0.0"/>
  <testcase name="deepExtract" classname="com.zz.lib.common.DataThingUtilTest" time="0.0"/>
  <testcase name="extract" classname="com.zz.lib.common.DataThingUtilTest" time="0.0"/>
  <testcase name="copyProperties" classname="com.zz.lib.common.DataThingUtilTest" time="0.0"/>
  <testcase name="getterName2PropertyName" classname="com.zz.lib.common.DataThingUtilTest" time="0.0"/>
  <testcase name="deepCopy" classname="com.zz.lib.common.DataThingUtilTest" time="0.0"/>
  <system-out><![CDATA[]]></system-out>
  <system-err><![CDATA[]]></system-err>
</testsuite>
